Arguments: 
  C:\Program Files\nodejs\node.exe C:\Program Files (x86)\Yarn\bin\yarn.js add redux

PATH: 
  C:\Users\herca\bin;C:\Program Files\Git\mingw64\bin;C:\Program Files\Git\usr\local\bin;C:\Program Files\Git\usr\bin;C:\Program Files\Git\usr\bin;C:\Program Files\Git\mingw64\bin;C:\Program Files\Git\usr\bin;C:\Users\herca\bin;C:\Windows\system32;C:\Windows;C:\Windows\System32\Wbem;C:\Windows\System32\WindowsPowerShell\v1.0;C:\Windows\System32\OpenSSH;C:\Program Files (x86)\NVIDIA Corporation\PhysX\Common;C:\Program Files\NVIDIA Corporation\NVIDIA NvDLISR;C:\Program Files\Git\cmd;C:\Program Files\nodejs;C:\Program Files (x86)\Yarn\bin;C:\Program Files\dotnet;C:\Users\herca\AppData\Local\Microsoft\WindowsApps;C:\Users\herca\AppData\Roaming\npm;C:\Users\herca\AppData\Local\Programs\Microsoft VS Code\bin;C:\Users\herca\AppData\Local\Yarn\bin;C:\Users\herca\AppData\Local\hyper\app-3.0.2\resources\bin;C:\Program Files\heroku\bin;C:\Program Files\Git\usr\bin\vendor_perl;C:\Program Files\Git\usr\bin\core_perl

Yarn version: 
  1.22.5

Node version: 
  14.15.4

Platform: 
  win32 x64

Trace: 
  Error: EPERM: operation not permitted, unlink 'F:\Projects\learning-redux\node_modules\esbuild\esbuild.exe'

npm manifest: 
  {
    "name": "learning-redux",
    "version": "0.0.0",
    "scripts": {
      "dev": "vite",
      "build": "vite build",
      "serve": "vite preview"
    },
    "dependencies": {
      "react": "^17.0.0",
      "react-dom": "^17.0.0"
    },
    "devDependencies": {
      "@vitejs/plugin-react-refresh": "^1.3.1",
      "vite": "^2.4.4"
    }
  }

yarn manifest: 
  No manifest

Lockfile: 
  No lockfile
